{"level":"error","message":"No se encontró imagén : "}
{"level":"error","message":"Usted no posee permisos para eliminar el producto con id:656927d94eb25a3d70fdecc9"}
{"level":"error","message":"No se encontró imagén : "}
{"level":"error","message":"Usted no posee permisos para eliminar el producto con id:656927d94eb25a3d70fdecc9"}
{"level":"error","message":"No se encontró imagén : "}
{"level":"error","message":"No se encontró imagén : "}
{"level":"error","message":"No se encontró imagén : "}
{"level":"error","message":"No se encontró imagén : "}
{"level":"error","message":"No se encontró imagén : "}
{"level":"error","message":"No se encontró imagén : "}
{"level":"error","message":"No se encontró imagén : "}
{"level":"error","message":"No se encontró imagén : "}
{"level":"error","message":"No se encontró imagén : "}
{"level":"error","message":"No se encontró imagén : "}
{"level":"error","message":"No se encontró imagén : "}
{"level":"error","message":"No se encontró imagén : "}
{"level":"error","message":"No se encontró imagén : "}
{"level":"error","message":"Usted no puede agregar el producto al carro"}
{"level":"error","message":"No se encontró imagén : "}
{"level":"error","message":"Usted no puede agregar el producto al carro"}
{"level":"error","message":"No se encontró el carrito por Id"}
{"level":"error","message":"No se encontró imagén : "}
{"level":"error","message":"Usted no puede agregar el producto al carro"}
{"level":"error","message":"No se encontró imagén : "}
{"level":"error","message":"Usted no puede agregar el producto al carro"}
{"level":"error","message":"Usted no puede agregar el producto al carro"}
{"level":"error","message":"No se encontró imagén : "}
{"level":"error","message":"Usted no puede agregar el producto al carro"}
{"level":"error","message":"No se encontró imagén : "}
{"level":"error","message":"Usted no puede agregar el producto al carro"}
{"level":"error","message":"No se encontró imagén : "}
{"level":"error","message":"Usted no puede agregar el producto al carro"}
{"level":"error","message":"No se encontró imagén : "}
{"level":"error","message":"Usted no puede agregar el producto al carro"}
{"level":"error","message":"No se encontró imagén : "}
{"level":"error","message":"Usted no puede agregar el producto al carro"}
{"level":"error","message":"No se encontró imagén : "}
{"level":"error","message":"Usted no puede agregar el producto al carro"}
{"level":"error","message":"Usted no puede agregar el producto al carro"}
{"level":"error","message":"No se encontró imagén : "}
{"level":"error","message":"Usted no puede agregar el producto al carro"}
{"level":"error","message":"No se encontró imagén : "}
{"level":"error","message":"Usted no puede agregar el producto al carro"}
{"level":"error","message":"No se encontró imagén : "}
{"level":"error","message":"No se encontró imagén : "}
{"level":"error","message":"No se encontró imagén : "}
{"level":"error","message":"No se encontró imagén : "}
{"level":"error","message":"No se encontró imagén : "}
{"level":"error","message":"No se encontró imagén : "}
{"level":"error","message":"No se encontró imagén : "}
{"level":"error","message":"No se encontró imagén : "}
{"level":"error","message":"Error al cambiar el rol de usuario : passHashed is not defined","stack":"ReferenceError: passHashed is not defined\n    at UserManagerMongo.updateUser (file:///C:/Users/dario/Desktop/Entrega%20del%20Proyecto%20Final%20-%20Backend/src/DAO/mongo/UserManager.mongo.js:95:80)\n    at process.processTicksAndRejections (node:internal/process/task_queues:95:5)\n    at async UserRepository.put (file:///C:/Users/dario/Desktop/Entrega%20del%20Proyecto%20Final%20-%20Backend/src/repositories/services/user.repository.js:36:24)\n    at async file:///C:/Users/dario/Desktop/Entrega%20del%20Proyecto%20Final%20-%20Backend/src/router/users.router.js:54:26"}
{"level":"error","message":"No se encontró el usuario con id:\"65d0a96b682b43e98ddbb930\""}
{"level":"error","message":"No se encontró el usuario con id:\"65d0a96b682b43e98ddbb930\""}
{"level":"error","message":"No se encontró el usuario con id:\"65d0a96b682b43e98ddbb930\""}
{"level":"error","message":"No se encontró el usuario con id:\"65d0a96b682b43e98ddbb930\""}
{"level":"error","message":"No se encontró el usuario con id:\"65d0a96b682b43e98ddbb930\""}
{"level":"error","message":"No se encontró el usuario con id:\"65d0a96b682b43e98ddbb930\""}
{"level":"error","message":"No se encontró el usuario con id:\"65d0a96b682b43e98ddbb930\""}
{"level":"error","message":"No se encontró el usuario con id:\"65d0a96b682b43e98ddbb930\""}
{"level":"error","message":"No se encontró el usuario con id:\"65d0a96b682b43e98ddbb930\""}
{"level":"error","message":"No se encontró el usuario con id:\"65d0a96b682b43e98ddbb930\""}
{"level":"error","message":"No se encontró el usuario con id:\"65d0a96b682b43e98ddbb930\""}
{"level":"error","message":"No se encontró el usuario con id:\"65d0a96b682b43e98ddbb930\""}
{"level":"error","message":"No se encontró el usuario con id:\"65d0a96b682b43e98ddbb930\""}
{"level":"error","message":"No se encontró imagén : "}
{"level":"error","message":"No se encontró imagén : "}
{"level":"error","message":"No se encontró el usuario con id:\"656e01da68e788e3b25aace2\""}
{"level":"error","message":"No se encontró imagén : "}
{"level":"error","message":"No se encontró imagén : "}
{"level":"error","message":"No se encontró imagén : "}
{"level":"error","message":"No se encontró imagén : "}
{"level":"error","message":"No se encontró imagén : "}
{"level":"error","message":"No se encontró imagén : "}
{"level":"error","message":"No se encontró imagén : "}
{"level":"error","message":"No se encontró imagén : "}
{"level":"error","message":"No se encontró imagén : "}
{"level":"error","message":"No se encontró imagén : "}
{"level":"error","message":"No se encontró imagén : "}
{"level":"error","message":"No se encontró imagén : "}
{"level":"error","message":"No se encontró imagén : "}
{"level":"error","message":"No se encontró imagén : "}
{"level":"error","message":"No se encontró imagén : "}
{"level":"error","message":"No se encontró imagén : "}
{"level":"error","message":"No se encontró imagén : "}
{"level":"error","message":"No se encontró imagén : "}
